app/build/intermediates/manifest_merge_blame_file/debug/manifest-merger-blame-debug-report.txt
1<?xml version="1.0" encoding="utf-8"?>
2<manifest xmlns:android="http://schemas.android.com/apk/res/android"
3    package="com.shivamingawale.stopwatch"
4    android:versionCode="1"
5    android:versionName="1.0" >
6
7    <uses-sdk
8        android:minSdkVersion="22"
8-->src\main\AndroidManifest.xml
9        android:targetSdkVersion="30" />
9-->src\main\AndroidManifest.xml
10
11    <application
11-->src\main\AndroidManifest.xml:6:5-31:19
12        android:allowBackup="true"
12-->src\main\AndroidManifest.xml:7:9-35
13        android:appComponentFactory="androidx.core.app.CoreComponentFactory"
13-->[androidx.core:core:1.5.0] AndroidManifest.xml:24:18-86
14        android:debuggable="true"
15        android:icon="@mipmap/ic_launcher"
15-->src\main\AndroidManifest.xml:8:9-43
16        android:label="@string/app_name"
16-->src\main\AndroidManifest.xml:9:9-41
17        android:roundIcon="@mipmap/ic_launcher_round"
17-->src\main\AndroidManifest.xml:10:9-54
18        android:supportsRtl="true"
18-->src\main\AndroidManifest.xml:11:9-35
19        android:testOnly="true"
20        android:theme="@style/Theme.StopWatch" >
20-->src\main\AndroidManifest.xml:12:9-47
21        <activity
21-->src\main\AndroidManifest.xml:13:9-27:20
22            android:name="com.example.stopwatch.splashActivity"
22-->src\main\AndroidManifest.xml:14:13-43
23            android:theme="@style/Theme.AppCompat.NoActionBar" >
23-->src\main\AndroidManifest.xml:15:13-63
24            <intent-filter>
24-->src\main\AndroidManifest.xml:17:13-20:29
25                <action android:name="android.intent.action.MAIN" />
25-->src\main\AndroidManifest.xml:18:17-69
25-->src\main\AndroidManifest.xml:18:25-66
26
27                <category android:name="android.intent.category.LAUNCHER" />
27-->src\main\AndroidManifest.xml:19:17-77
27-->src\main\AndroidManifest.xml:19:27-74
28            </intent-filter>
29            android:exported="false" >
30            <meta-data
30-->src\main\AndroidManifest.xml:24:13-26:36
31                android:name="android.app.lib_name"
31-->src\main\AndroidManifest.xml:25:17-52
32                android:value="" />
32-->src\main\AndroidManifest.xml:26:17-33
33        </activity>
34        <activity android:name="com.example.stopwatch.MainActivity" >
34-->src\main\AndroidManifest.xml:28:9-30:20
34-->src\main\AndroidManifest.xml:28:19-47
35        </activity>
36    </application>
37
38</manifest>